<?xml version="1.0" encoding="UTF-8"?>
<testsuite xmlns:xsi="http://www.w3.org/2001/XMLSchema-instance" xsi:noNamespaceSchemaLocation="https://maven.apache.org/surefire/maven-surefire-plugin/xsd/surefire-test-report.xsd" name="TestSuite" time="3.218" tests="7" errors="0" skipped="6" failures="1">
  <properties>
[...]
</properties>
  <testcase name="setup" classname="com.example.demo.TC_DMR_2955" time="3.138">
    <failure message="session not created: This version of ChromeDriver only supports Chrome version 86&#10;Current browser version is 79.0.3945.130 with binary path /usr/bin/google-chrome&#10;Build info: version: &apos;3.141.59&apos;, revision: &apos;e82be7d358&apos;, time: &apos;2018-11-14T08:17:03&apos;&#10;System info: host: &apos;fineract-Latitude-E5570&apos;, ip: &apos;127.0.1.1&apos;, os.name: &apos;Linux&apos;, os.arch: &apos;amd64&apos;, os.version: &apos;4.15.0-88-generic&apos;, java.version: &apos;1.8.0_265&apos;&#10;Driver info: driver.version: ChromeDriver&#10;remote stacktrace: #0 0x55595cdabd99 &lt;unknown&gt;&#10;" type="org.openqa.selenium.SessionNotCreatedException"><![CDATA[org.openqa.selenium.SessionNotCreatedException: 
session not created: This version of ChromeDriver only supports Chrome version 86
Current browser version is 79.0.3945.130 with binary path /usr/bin/google-chrome
Build info: version: '3.141.59', revision: 'e82be7d358', time: '2018-11-14T08:17:03'
System info: host: 'fineract-Latitude-E5570', ip: '127.0.1.1', os.name: 'Linux', os.arch: 'amd64', os.version: '4.15.0-88-generic', java.version: '1.8.0_265'
Driver info: driver.version: ChromeDriver
remote stacktrace: #0 0x55595cdabd99 <unknown>

	at com.example.demo.TC_DMR_2955.setup(TC_DMR_2955.java:216)
]]></failure>
    <system-out><![CDATA[Before test-class Test One. Thread id is: 1
]]></system-out>
    <system-err><![CDATA[Starting ChromeDriver 86.0.4240.22 (398b0743353ff36fb1b82468f63a3a93b4e2e89e-refs/branch-heads/4240@{#378}) on port 12247
All remote connections are allowed. Use a whitelist instead!
Please see https://chromedriver.chromium.org/security-considerations for suggestions on keeping ChromeDriver safe.
ChromeDriver was started successfully.
]]></system-err>
  </testcase>
  <testcase name="setup" classname="com.example.demo.TC_DMR_2955" time="0">
    <skipped/>
  </testcase>
  <testcase name="DemoProject" classname="com.example.demo.TC_DMR_2955" time="0">
    <skipped message="session not created: This version of ChromeDriver only supports Chrome version 86&#10;Current browser version is 79.0.3945.130 with binary path /usr/bin/google-chrome&#10;Build info: version: &apos;3.141.59&apos;, revision: &apos;e82be7d358&apos;, time: &apos;2018-11-14T08:17:03&apos;&#10;System info: host: &apos;fineract-Latitude-E5570&apos;, ip: &apos;127.0.1.1&apos;, os.name: &apos;Linux&apos;, os.arch: &apos;amd64&apos;, os.version: &apos;4.15.0-88-generic&apos;, java.version: &apos;1.8.0_265&apos;&#10;Driver info: driver.version: ChromeDriver&#10;remote stacktrace: #0 0x55595cdabd99 &lt;unknown&gt;&#10;"/>
  </testcase>
  <testcase name="DemoProject" classname="com.example.demo.TC_DMR_2955" time="0">
    <skipped message="session not created: This version of ChromeDriver only supports Chrome version 86&#10;Current browser version is 79.0.3945.130 with binary path /usr/bin/google-chrome&#10;Build info: version: &apos;3.141.59&apos;, revision: &apos;e82be7d358&apos;, time: &apos;2018-11-14T08:17:03&apos;&#10;System info: host: &apos;fineract-Latitude-E5570&apos;, ip: &apos;127.0.1.1&apos;, os.name: &apos;Linux&apos;, os.arch: &apos;amd64&apos;, os.version: &apos;4.15.0-88-generic&apos;, java.version: &apos;1.8.0_265&apos;&#10;Driver info: driver.version: ChromeDriver&#10;remote stacktrace: #0 0x55595cdabd99 &lt;unknown&gt;&#10;"/>
  </testcase>
  <testcase name="ProgramTermination" classname="com.example.demo.TC_DMR_2955" time="0">
    <skipped/>
  </testcase>
  <testcase name="ProgramTermination" classname="com.example.demo.TC_DMR_2955" time="0">
    <skipped/>
  </testcase>
  <testcase name="beforeTest" classname="com.example.demo.TC_DMR_2955" time="0">
    <skipped/>
  </testcase>
</testsuite>